{"contracts/ColendiToken.sol":{"l":{"19":47,"28":6,"29":6,"30":2,"31":2,"34":6,"39":1,"40":1,"41":1,"42":1,"46":1,"53":1,"54":1,"55":1,"56":1,"57":1,"58":1,"62":1,"68":1,"72":3,"73":3,"74":3,"75":1,"81":8,"82":8,"83":8,"84":2,"85":2,"86":2,"91":8,"98":8,"99":8,"100":6,"101":4,"102":2,"103":2,"104":1,"107":2,"112":8,"113":8,"114":6,"115":4,"116":4,"117":3,"120":4},"path":"/Users/dev-mac-1/Desktop/colendi/colendi-token/contracts/ColendiToken.sol","s":{"1":47,"2":6,"3":6,"4":2,"5":2,"6":6,"7":1,"8":1,"9":1,"10":1,"11":1,"12":1,"13":1,"14":1,"15":1,"16":1,"17":1,"18":1,"19":1,"20":3,"21":3,"22":3,"23":1,"24":8,"25":8,"26":8,"27":2,"28":2,"29":2,"30":8,"31":8,"32":8,"33":6,"34":4,"35":2,"36":1,"37":2,"38":8,"39":8,"40":6,"41":4,"42":3,"43":4},"b":{"1":[1,2],"2":[6,2],"3":[4,2],"4":[2,2],"5":[1,1],"6":[6,2],"7":[4,2],"8":[3,1]},"f":{"1":47,"2":6,"3":6,"4":1,"5":1,"6":1,"7":1,"8":1,"9":3,"10":8,"11":8,"12":8,"13":8},"fnMap":{"1":{"name":"constructor","line":18,"loc":{"start":{"line":18,"column":4},"end":{"line":18,"column":22}}},"2":{"name":"metaTransfer","line":26,"loc":{"start":{"line":26,"column":4},"end":{"line":27,"column":29}}},"3":{"name":"metaTransferHash","line":33,"loc":{"start":{"line":33,"column":4},"end":{"line":33,"column":113}}},"4":{"name":"metaApprove","line":37,"loc":{"start":{"line":37,"column":4},"end":{"line":38,"column":29}}},"5":{"name":"metaApproveHash","line":45,"loc":{"start":{"line":45,"column":4},"end":{"line":45,"column":117}}},"6":{"name":"metaTransferFrom","line":49,"loc":{"start":{"line":49,"column":4},"end":{"line":52,"column":5}}},"7":{"name":"metaTransferFromHash","line":60,"loc":{"start":{"line":60,"column":4},"end":{"line":61,"column":33}}},"8":{"name":"recoverSigner","line":67,"loc":{"start":{"line":67,"column":4},"end":{"line":67,"column":101}}},"9":{"name":"approveAndCall","line":71,"loc":{"start":{"line":71,"column":4},"end":{"line":71,"column":101}}},"10":{"name":"metaApproveAndCall","line":78,"loc":{"start":{"line":78,"column":4},"end":{"line":80,"column":35}}},"11":{"name":"metaApproveAndCallHash","line":89,"loc":{"start":{"line":89,"column":4},"end":{"line":90,"column":33}}},"12":{"name":"checkSignatureAndPayReward","line":95,"loc":{"start":{"line":95,"column":4},"end":{"line":97,"column":34}}},"13":{"name":"checkSignatureAndPayReward","line":110,"loc":{"start":{"line":110,"column":4},"end":{"line":111,"column":109}}}},"statementMap":{"1":{"start":{"line":19,"column":8},"end":{"line":19,"column":40}},"2":{"start":{"line":28,"column":8},"end":{"line":28,"column":66}},"3":{"start":{"line":29,"column":8},"end":{"line":29,"column":87}},"4":{"start":{"line":30,"column":8},"end":{"line":30,"column":35}},"5":{"start":{"line":31,"column":8},"end":{"line":31,"column":19}},"6":{"start":{"line":34,"column":8},"end":{"line":34,"column":123}},"7":{"start":{"line":39,"column":8},"end":{"line":39,"column":70}},"8":{"start":{"line":40,"column":8},"end":{"line":40,"column":87}},"9":{"start":{"line":41,"column":8},"end":{"line":41,"column":39}},"10":{"start":{"line":42,"column":8},"end":{"line":42,"column":19}},"11":{"start":{"line":46,"column":8},"end":{"line":46,"column":127}},"12":{"start":{"line":53,"column":8},"end":{"line":53,"column":85}},"13":{"start":{"line":54,"column":8},"end":{"line":54,"column":87}},"14":{"start":{"line":55,"column":8},"end":{"line":55,"column":50}},"15":{"start":{"line":56,"column":8},"end":{"line":56,"column":42}},"16":{"start":{"line":57,"column":8},"end":{"line":57,"column":51}},"17":{"start":{"line":58,"column":8},"end":{"line":58,"column":19}},"18":{"start":{"line":62,"column":8},"end":{"line":62,"column":2539}},"19":{"start":{"line":68,"column":8},"end":{"line":68,"column":45}},"20":{"start":{"line":72,"column":8},"end":{"line":72,"column":30}},"21":{"start":{"line":73,"column":8},"end":{"line":73,"column":46}},"22":{"start":{"line":74,"column":8},"end":{"line":74,"column":58}},"23":{"start":{"line":75,"column":8},"end":{"line":75,"column":19}},"24":{"start":{"line":81,"column":8},"end":{"line":81,"column":36}},"25":{"start":{"line":82,"column":8},"end":{"line":82,"column":91}},"26":{"start":{"line":83,"column":8},"end":{"line":83,"column":107}},"27":{"start":{"line":84,"column":8},"end":{"line":84,"column":39}},"28":{"start":{"line":85,"column":8},"end":{"line":85,"column":24}},"29":{"start":{"line":86,"column":8},"end":{"line":86,"column":19}},"30":{"start":{"line":91,"column":8},"end":{"line":91,"column":3863}},"31":{"start":{"line":98,"column":8},"end":{"line":98,"column":52}},"32":{"start":{"line":99,"column":8},"end":{"line":99,"column":71}},"33":{"start":{"line":100,"column":8},"end":{"line":100,"column":68}},"34":{"start":{"line":101,"column":8},"end":{"line":101,"column":78}},"35":{"start":{"line":103,"column":8},"end":{"line":103,"column":4521}},"36":{"start":{"line":104,"column":12},"end":{"line":104,"column":48}},"37":{"start":{"line":107,"column":8},"end":{"line":107,"column":21}},"38":{"start":{"line":112,"column":8},"end":{"line":112,"column":52}},"39":{"start":{"line":113,"column":8},"end":{"line":113,"column":68}},"40":{"start":{"line":114,"column":8},"end":{"line":114,"column":78}},"41":{"start":{"line":116,"column":8},"end":{"line":116,"column":5024}},"42":{"start":{"line":117,"column":12},"end":{"line":117,"column":48}},"43":{"start":{"line":120,"column":8},"end":{"line":120,"column":21}}},"branchMap":{"1":{"line":74,"type":"if","locations":[{"start":{"line":74,"column":8},"end":{"line":74,"column":8}},{"start":{"line":74,"column":8},"end":{"line":74,"column":8}}]},"2":{"line":99,"type":"if","locations":[{"start":{"line":99,"column":8},"end":{"line":99,"column":8}},{"start":{"line":99,"column":8},"end":{"line":99,"column":8}}]},"3":{"line":100,"type":"if","locations":[{"start":{"line":100,"column":8},"end":{"line":100,"column":8}},{"start":{"line":100,"column":8},"end":{"line":100,"column":8}}]},"4":{"line":101,"type":"if","locations":[{"start":{"line":101,"column":8},"end":{"line":101,"column":8}},{"start":{"line":101,"column":8},"end":{"line":101,"column":8}}]},"5":{"line":103,"type":"if","locations":[{"start":{"line":103,"column":8},"end":{"line":103,"column":8}},{"start":{"line":103,"column":8},"end":{"line":103,"column":8}}]},"6":{"line":113,"type":"if","locations":[{"start":{"line":113,"column":8},"end":{"line":113,"column":8}},{"start":{"line":113,"column":8},"end":{"line":113,"column":8}}]},"7":{"line":114,"type":"if","locations":[{"start":{"line":114,"column":8},"end":{"line":114,"column":8}},{"start":{"line":114,"column":8},"end":{"line":114,"column":8}}]},"8":{"line":116,"type":"if","locations":[{"start":{"line":116,"column":8},"end":{"line":116,"column":8}},{"start":{"line":116,"column":8},"end":{"line":116,"column":8}}]}}}}