TN:
SF:/Users/dev-mac-1/Desktop/colendi/colendi-token/contracts/ColendiToken.sol
FN:18,constructor
FN:26,metaTransfer
FN:33,metaTransferHash
FN:37,metaApprove
FN:45,metaApproveHash
FN:49,metaTransferFrom
FN:60,metaTransferFromHash
FN:67,recoverSigner
FN:71,approveAndCall
FN:78,metaApproveAndCall
FN:89,metaApproveAndCallHash
FN:95,checkSignatureAndPayReward
FN:110,checkSignatureAndPayReward
FNF:13
FNH:13
FNDA:47,constructor
FNDA:6,metaTransfer
FNDA:6,metaTransferHash
FNDA:1,metaApprove
FNDA:1,metaApproveHash
FNDA:1,metaTransferFrom
FNDA:1,metaTransferFromHash
FNDA:1,recoverSigner
FNDA:3,approveAndCall
FNDA:8,metaApproveAndCall
FNDA:8,metaApproveAndCallHash
FNDA:8,checkSignatureAndPayReward
FNDA:8,checkSignatureAndPayReward
DA:19,47
DA:28,6
DA:29,6
DA:30,2
DA:31,2
DA:34,6
DA:39,1
DA:40,1
DA:41,1
DA:42,1
DA:46,1
DA:53,1
DA:54,1
DA:55,1
DA:56,1
DA:57,1
DA:58,1
DA:62,1
DA:68,1
DA:72,3
DA:73,3
DA:74,3
DA:75,1
DA:81,8
DA:82,8
DA:83,8
DA:84,2
DA:85,2
DA:86,2
DA:91,8
DA:98,8
DA:99,8
DA:100,6
DA:101,4
DA:102,2
DA:103,2
DA:104,1
DA:107,2
DA:112,8
DA:113,8
DA:114,6
DA:115,4
DA:116,4
DA:117,3
DA:120,4
LF:45
LH:45
BRDA:74,1,0,1
BRDA:74,1,1,2
BRDA:99,2,0,6
BRDA:99,2,1,2
BRDA:100,3,0,4
BRDA:100,3,1,2
BRDA:101,4,0,2
BRDA:101,4,1,2
BRDA:103,5,0,1
BRDA:103,5,1,1
BRDA:113,6,0,6
BRDA:113,6,1,2
BRDA:114,7,0,4
BRDA:114,7,1,2
BRDA:116,8,0,3
BRDA:116,8,1,1
BRF:16
BRH:16
end_of_record
